# JRE version: OpenJDK Runtime Environment Corretto-21.0.10.7.1 (21.0.10+7) (build 21.0.10+7-LTS)
# Java VM: OpenJDK 64-Bit Server VM Corretto-21.0.10.7.1 (21.0.10+7-LTS, mixed mode, sharing, tiered, compressed oops, compressed class ptrs, g1 gc, windows-amd64)
GC Precious Log:
 CardTable entry size: 512
 Card Set container configuration: InlinePtr #cards 5 size 8 Array Of Cards #cards 12 size 40 Howl #buckets 4 coarsen threshold 1843 Howl Bitmap #cards 512 size 80 coarsen threshold 460 Card regions per heap region 1 cards per card region 2048
 CPUs: 8 total, 8 available
 Memory: 7103M
 Large Page Support: Disabled
 NUMA Support: Disabled
 Compressed Oops: Enabled (32-bit)
 Heap Region Size: 1M
 Heap Min Capacity: 8M
 Heap Initial Capacity: 112M
 Heap Max Capacity: 1776M
 Pre-touch: Disabled
 Parallel Workers: 8
 Concurrent Workers: 2
 Concurrent Refinement Workers: 8
 Periodic GC: Disabled
Heap:
 garbage-first heap   total 81920K, used 53691K [0x0000000091000000, 0x0000000100000000)
  region size 1024K, 5 young (5120K), 4 survivors (4096K)
 Metaspace       used 113786K, committed 114880K, reserved 1179648K
  class space    used 14952K, committed 15424K, reserved 1048576K
GC Heap History (20 events):
Event: 17.766 GC heap before
{Heap before GC invocations=19 (full 0):
 garbage-first heap   total 70656K, used 63360K [0x0000000091000000, 0x0000000100000000)
  region size 1024K, 29 young (29696K), 4 survivors (4096K)
 Metaspace       used 79748K, committed 80512K, reserved 1179648K
  class space    used 10761K, committed 11136K, reserved 1048576K
}
Event: 17.772 GC heap after
{Heap after GC invocations=20 (full 0):
 garbage-first heap   total 71680K, used 40620K [0x0000000091000000, 0x0000000100000000)
  region size 1024K, 3 young (3072K), 3 survivors (3072K)
 Metaspace       used 79748K, committed 80512K, reserved 1179648K
  class space    used 10761K, committed 11136K, reserved 1048576K
}
Event: 18.533 GC heap before
{Heap before GC invocations=21 (full 0):
 garbage-first heap   total 71680K, used 64172K [0x0000000091000000, 0x0000000100000000)
  region size 1024K, 26 young (26624K), 3 survivors (3072K)
 Metaspace       used 82534K, committed 83392K, reserved 1179648K
  class space    used 11144K, committed 11520K, reserved 1048576K
}
Event: 18.537 GC heap after
{Heap after GC invocations=22 (full 0):
 garbage-first heap   total 71680K, used 42685K [0x0000000091000000, 0x0000000100000000)
  region size 1024K, 2 young (2048K), 2 survivors (2048K)
 Metaspace       used 82534K, committed 83392K, reserved 1179648K
  class space    used 11144K, committed 11520K, reserved 1048576K
}
Event: 19.262 GC heap before
{Heap before GC invocations=22 (full 0):
 garbage-first heap   total 71680K, used 64189K [0x0000000091000000, 0x0000000100000000)
  region size 1024K, 24 young (24576K), 2 survivors (2048K)
 Metaspace       used 85672K, committed 86592K, reserved 1179648K
  class space    used 11586K, committed 12032K, reserved 1048576K
}
Event: 19.268 GC heap after
{Heap after GC invocations=23 (full 0):
 garbage-first heap   total 71680K, used 44785K [0x0000000091000000, 0x0000000100000000)
  region size 1024K, 3 young (3072K), 3 survivors (3072K)
 Metaspace       used 85672K, committed 86592K, reserved 1179648K
  class space    used 11586K, committed 12032K, reserved 1048576K
}
Event: 19.849 GC heap before
{Heap before GC invocations=23 (full 0):
 garbage-first heap   total 71680K, used 63217K [0x0000000091000000, 0x0000000100000000)
  region size 1024K, 22 young (22528K), 3 survivors (3072K)
 Metaspace       used 91274K, committed 92160K, reserved 1179648K
  class space    used 12229K, committed 12608K, reserved 1048576K
}
Event: 19.855 GC heap after
{Heap after GC invocations=24 (full 0):
 garbage-first heap   total 71680K, used 46515K [0x0000000091000000, 0x0000000100000000)
  region size 1024K, 2 young (2048K), 2 survivors (2048K)
 Metaspace       used 91274K, committed 92160K, reserved 1179648K
  class space    used 12229K, committed 12608K, reserved 1048576K
}
Event: 20.360 GC heap before
{Heap before GC invocations=25 (full 0):
 garbage-first heap   total 78848K, used 64947K [0x0000000091000000, 0x0000000100000000)
  region size 1024K, 21 young (21504K), 2 survivors (2048K)
 Metaspace       used 97330K, committed 98240K, reserved 1179648K
  class space    used 12753K, committed 13120K, reserved 1048576K
}
Event: 20.364 GC heap after
{Heap after GC invocations=26 (full 0):
 garbage-first heap   total 78848K, used 47088K [0x0000000091000000, 0x0000000100000000)
  region size 1024K, 3 young (3072K), 3 survivors (3072K)
 Metaspace       used 97330K, committed 98240K, reserved 1179648K
  class space    used 12753K, committed 13120K, reserved 1048576K
}
Event: 330.506 GC heap before
{Heap before GC invocations=26 (full 0):
 garbage-first heap   total 78848K, used 71664K [0x0000000091000000, 0x0000000100000000)
  region size 1024K, 27 young (27648K), 3 survivors (3072K)
 Metaspace       used 99901K, committed 100864K, reserved 1179648K
  class space    used 13094K, committed 13568K, reserved 1048576K
}
Event: 330.614 GC heap after
{Heap after GC invocations=27 (full 0):
 garbage-first heap   total 78848K, used 46566K [0x0000000091000000, 0x0000000100000000)
  region size 1024K, 2 young (2048K), 2 survivors (2048K)
 Metaspace       used 99901K, committed 100864K, reserved 1179648K
  class space    used 13094K, committed 13568K, reserved 1048576K
}
Event: 358.405 GC heap before
{Heap before GC invocations=27 (full 0):
 garbage-first heap   total 78848K, used 71142K [0x0000000091000000, 0x0000000100000000)
  region size 1024K, 27 young (27648K), 2 survivors (2048K)
 Metaspace       used 106857K, committed 107840K, reserved 1179648K
  class space    used 14020K, committed 14464K, reserved 1048576K
}
Event: 358.423 GC heap after
{Heap after GC invocations=28 (full 0):
 garbage-first heap   total 78848K, used 48542K [0x0000000091000000, 0x0000000100000000)
  region size 1024K, 4 young (4096K), 4 survivors (4096K)
 Metaspace       used 106857K, committed 107840K, reserved 1179648K
  class space    used 14020K, committed 14464K, reserved 1048576K
}
Event: 358.981 GC heap before
{Heap before GC invocations=29 (full 0):
 garbage-first heap   total 81920K, used 72094K [0x0000000091000000, 0x0000000100000000)
  region size 1024K, 27 young (27648K), 4 survivors (4096K)
 Metaspace       used 107687K, committed 108672K, reserved 1179648K
  class space    used 14142K, committed 14592K, reserved 1048576K
}
Event: 358.996 GC heap after
{Heap after GC invocations=30 (full 0):
 garbage-first heap   total 81920K, used 50454K [0x0000000091000000, 0x0000000100000000)
  region size 1024K, 4 young (4096K), 4 survivors (4096K)
 Metaspace       used 107687K, committed 108672K, reserved 1179648K
  class space    used 14142K, committed 14592K, reserved 1048576K
}
Event: 360.068 GC heap before
{Heap before GC invocations=30 (full 0):
 garbage-first heap   total 81920K, used 72982K [0x0000000091000000, 0x0000000100000000)
  region size 1024K, 27 young (27648K), 4 survivors (4096K)
 Metaspace       used 110849K, committed 111872K, reserved 1179648K
  class space    used 14639K, committed 15104K, reserved 1048576K
}
Event: 360.077 GC heap after
{Heap after GC invocations=31 (full 0):
 garbage-first heap   total 81920K, used 51128K [0x0000000091000000, 0x0000000100000000)
  region size 1024K, 4 young (4096K), 4 survivors (4096K)
 Metaspace       used 110849K, committed 111872K, reserved 1179648K
  class space    used 14639K, committed 15104K, reserved 1048576K
}
Event: 478.745 GC heap before
{Heap before GC invocations=31 (full 0):
 garbage-first heap   total 81920K, used 73656K [0x0000000091000000, 0x0000000100000000)
  region size 1024K, 27 young (27648K), 4 survivors (4096K)
 Metaspace       used 113789K, committed 114880K, reserved 1179648K
  class space    used 14953K, committed 15424K, reserved 1048576K
}
Event: 479.074 GC heap after
{Heap after GC invocations=32 (full 0):
 garbage-first heap   total 81920K, used 53691K [0x0000000091000000, 0x0000000100000000)
  region size 1024K, 4 young (4096K), 4 survivors (4096K)
 Metaspace       used 113789K, committed 114880K, reserved 1179648K
  class space    used 14953K, committed 15424K, reserved 1048576K
}

